2015-03-02 15:26:41,947 (pid-29007): ==========================================
2015-03-02 15:26:41,948 (pid-29007): Config:
2015-03-02 15:26:41,948 (pid-29007): workPath = /net/fokker/f0/data/gds/jmzhu/PyLab/rel/Baseline
2015-03-02 15:26:41,949 (pid-29007): parallelMode = True
2015-03-02 15:26:41,950 (pid-29007): density = [0.02, 0.040000000000000001, 0.059999999999999998, 0.080000000000000002, 0.10000000000000001]
2015-03-02 15:26:41,950 (pid-29007): dataType = rel
2015-03-02 15:26:41,951 (pid-29007): dataPath = ../../data/rel_data/fse13_data.csv
2015-03-02 15:26:41,952 (pid-29007): metrics = ['MAE', 'NMAE', 'RMSE', 'MRE', 'NPRE']
2015-03-02 15:26:41,952 (pid-29007): saveLog = True
2015-03-02 15:26:41,953 (pid-29007): exeFile = run_rel.py
2015-03-02 15:26:41,954 (pid-29007): outPath = result/
2015-03-02 15:26:41,954 (pid-29007): srcPath = /net/fokker/f0/data/gds/jmzhu/PyLab/rel/Baseline/src
2015-03-02 15:26:41,955 (pid-29007): debugMode = False
2015-03-02 15:26:41,956 (pid-29007): logFile = run_rel.py.log
2015-03-02 15:26:41,956 (pid-29007): saveTimeInfo = False
2015-03-02 15:26:41,957 (pid-29007): rounds = 20
2015-03-02 15:26:41,958 (pid-29007): ==============================================
2015-03-02 15:26:41,958 (pid-29007): Baseline approach.
2015-03-02 15:26:41,959 (pid-29007): Loading data: ../../data/rel_data/fse13_data.csv
2015-03-02 15:26:42,197 (pid-29007): Loading data done.
2015-03-02 15:26:42,235 (pid-29008): Data size: 50 users * 49 services * 7 timeslices
2015-03-02 15:26:42,237 (pid-29009): Data size: 50 users * 49 services * 7 timeslices
2015-03-02 15:26:42,237 (pid-29008): Run the algorithm for 20 rounds: density = 0.02.
2015-03-02 15:26:42,239 (pid-29010): Data size: 50 users * 49 services * 7 timeslices
2015-03-02 15:26:42,243 (pid-29010): Run the algorithm for 20 rounds: density = 0.06.
2015-03-02 15:26:42,243 (pid-29010): ----------------------------------------------
2015-03-02 15:26:42,243 (pid-29010): 1-round starts.
2015-03-02 15:26:42,244 (pid-29010): ----------------------------------------------
2015-03-02 15:26:42,240 (pid-29009): Run the algorithm for 20 rounds: density = 0.04.
2015-03-02 15:26:42,240 (pid-29011): Data size: 50 users * 49 services * 7 timeslices
2015-03-02 15:26:42,242 (pid-29008): ----------------------------------------------
2015-03-02 15:26:42,241 (pid-29012): Data size: 50 users * 49 services * 7 timeslices
2015-03-02 15:26:42,254 (pid-29009): ----------------------------------------------
2015-03-02 15:26:42,255 (pid-29011): Run the algorithm for 20 rounds: density = 0.08.
2015-03-02 15:26:42,256 (pid-29008): 1-round starts.
2015-03-02 15:26:42,258 (pid-29012): Run the algorithm for 20 rounds: density = 0.10.
2015-03-02 15:26:42,259 (pid-29009): 1-round starts.
2015-03-02 15:26:42,260 (pid-29011): ----------------------------------------------
2015-03-02 15:26:42,261 (pid-29008): ----------------------------------------------
2015-03-02 15:26:42,262 (pid-29012): ----------------------------------------------
2015-03-02 15:26:42,267 (pid-29012): 1-round starts.
2015-03-02 15:26:42,268 (pid-29012): ----------------------------------------------
2015-03-02 15:26:42,264 (pid-29009): ----------------------------------------------
2015-03-02 15:26:42,265 (pid-29011): 1-round starts.
2015-03-02 15:26:42,280 (pid-29011): ----------------------------------------------
2015-03-02 15:26:42,282 (pid-29010): Removing data entries done.
2015-03-02 15:26:42,295 (pid-29010): 1-round done. Running time: 0.01 sec
2015-03-02 15:26:42,295 (pid-29010): ----------------------------------------------
2015-03-02 15:26:42,295 (pid-29010): ----------------------------------------------
2015-03-02 15:26:42,296 (pid-29010): 2-round starts.
2015-03-02 15:26:42,296 (pid-29010): ----------------------------------------------
2015-03-02 15:26:42,298 (pid-29008): Removing data entries done.
2015-03-02 15:26:42,308 (pid-29008): 1-round done. Running time: 0.00 sec
2015-03-02 15:26:42,308 (pid-29008): ----------------------------------------------
2015-03-02 15:26:42,308 (pid-29008): ----------------------------------------------
2015-03-02 15:26:42,308 (pid-29008): 2-round starts.
2015-03-02 15:26:42,309 (pid-29008): ----------------------------------------------
2015-03-02 15:26:42,313 (pid-29012): Removing data entries done.
2015-03-02 15:26:42,316 (pid-29009): Removing data entries done.
2015-03-02 15:26:42,320 (pid-29011): Removing data entries done.
2015-03-02 15:26:42,327 (pid-29012): 1-round done. Running time: 0.00 sec
2015-03-02 15:26:42,328 (pid-29012): ----------------------------------------------
2015-03-02 15:26:42,328 (pid-29012): ----------------------------------------------
2015-03-02 15:26:42,328 (pid-29009): 1-round done. Running time: 0.00 sec
2015-03-02 15:26:42,328 (pid-29012): 2-round starts.
2015-03-02 15:26:42,329 (pid-29009): ----------------------------------------------
2015-03-02 15:26:42,330 (pid-29012): ----------------------------------------------
2015-03-02 15:26:42,331 (pid-29009): ----------------------------------------------
2015-03-02 15:26:42,332 (pid-29010): Removing data entries done.
2015-03-02 15:26:42,332 (pid-29011): 1-round done. Running time: 0.00 sec
2015-03-02 15:26:42,339 (pid-29008): Removing data entries done.
2015-03-02 15:26:42,353 (pid-29009): 2-round starts.
2015-03-02 15:26:42,355 (pid-29011): ----------------------------------------------
2015-03-02 15:26:42,357 (pid-29009): ----------------------------------------------
2015-03-02 15:26:42,358 (pid-29011): ----------------------------------------------
2015-03-02 15:26:42,360 (pid-29011): 2-round starts.
2015-03-02 15:26:42,360 (pid-29011): ----------------------------------------------
2015-03-02 15:26:42,364 (pid-29008): 2-round done. Running time: 0.00 sec
2015-03-02 15:26:42,365 (pid-29008): ----------------------------------------------
2015-03-02 15:26:42,365 (pid-29010): 2-round done. Running time: 0.00 sec
2015-03-02 15:26:42,365 (pid-29008): ----------------------------------------------
2015-03-02 15:26:42,366 (pid-29010): ----------------------------------------------
2015-03-02 15:26:42,367 (pid-29008): 3-round starts.
2015-03-02 15:26:42,368 (pid-29010): ----------------------------------------------
2015-03-02 15:26:42,369 (pid-29008): ----------------------------------------------
2015-03-02 15:26:42,370 (pid-29010): 3-round starts.
2015-03-02 15:26:42,373 (pid-29010): ----------------------------------------------
2015-03-02 15:26:42,376 (pid-29012): Removing data entries done.
2015-03-02 15:26:42,388 (pid-29012): 2-round done. Running time: 0.00 sec
2015-03-02 15:26:42,388 (pid-29012): ----------------------------------------------
2015-03-02 15:26:42,389 (pid-29012): ----------------------------------------------
2015-03-02 15:26:42,389 (pid-29012): 3-round starts.
2015-03-02 15:26:42,389 (pid-29012): ----------------------------------------------
2015-03-02 15:26:42,394 (pid-29009): Removing data entries done.
2015-03-02 15:26:42,398 (pid-29011): Removing data entries done.
2015-03-02 15:26:42,402 (pid-29008): Removing data entries done.
2015-03-02 15:26:42,408 (pid-29010): Removing data entries done.
2015-03-02 15:26:42,410 (pid-29009): 2-round done. Running time: 0.01 sec
2015-03-02 15:26:42,411 (pid-29008): 3-round done. Running time: 0.00 sec
2015-03-02 15:26:42,411 (pid-29011): 2-round done. Running time: 0.00 sec
2015-03-02 15:26:42,412 (pid-29009): ----------------------------------------------
2015-03-02 15:26:42,413 (pid-29008): ----------------------------------------------
2015-03-02 15:26:42,414 (pid-29011): ----------------------------------------------
2015-03-02 15:26:42,414 (pid-29009): ----------------------------------------------
2015-03-02 15:26:42,415 (pid-29008): ----------------------------------------------
2015-03-02 15:26:42,416 (pid-29011): ----------------------------------------------
2015-03-02 15:26:42,417 (pid-29009): 3-round starts.
2015-03-02 15:26:42,420 (pid-29010): 3-round done. Running time: 0.01 sec
2015-03-02 15:26:42,433 (pid-29012): Removing data entries done.
2015-03-02 15:26:42,437 (pid-29008): 4-round starts.
2015-03-02 15:26:42,441 (pid-29011): 3-round starts.
2015-03-02 15:26:42,442 (pid-29009): ----------------------------------------------
2015-03-02 15:26:42,443 (pid-29010): ----------------------------------------------
2015-03-02 15:26:42,445 (pid-29008): ----------------------------------------------
2015-03-02 15:26:42,446 (pid-29011): ----------------------------------------------
2015-03-02 15:26:42,449 (pid-29010): ----------------------------------------------
2015-03-02 15:26:42,453 (pid-29010): 4-round starts.
2015-03-02 15:26:42,453 (pid-29010): ----------------------------------------------
2015-03-02 15:26:42,456 (pid-29012): 3-round done. Running time: 0.00 sec
2015-03-02 15:26:42,457 (pid-29012): ----------------------------------------------
2015-03-02 15:26:42,457 (pid-29012): ----------------------------------------------
2015-03-02 15:26:42,458 (pid-29012): 4-round starts.
2015-03-02 15:26:42,458 (pid-29012): ----------------------------------------------
2015-03-02 15:26:42,481 (pid-29008): Removing data entries done.
2015-03-02 15:26:42,482 (pid-29009): Removing data entries done.
2015-03-02 15:26:42,489 (pid-29010): Removing data entries done.
2015-03-02 15:26:42,489 (pid-29011): Removing data entries done.
2015-03-02 15:26:42,490 (pid-29008): 4-round done. Running time: 0.00 sec
2015-03-02 15:26:42,493 (pid-29008): ----------------------------------------------
2015-03-02 15:26:42,493 (pid-29008): ----------------------------------------------
2015-03-02 15:26:42,493 (pid-29008): 5-round starts.
2015-03-02 15:26:42,494 (pid-29008): ----------------------------------------------
2015-03-02 15:26:42,494 (pid-29009): 3-round done. Running time: 0.00 sec
2015-03-02 15:26:42,496 (pid-29009): ----------------------------------------------
2015-03-02 15:26:42,496 (pid-29009): ----------------------------------------------
2015-03-02 15:26:42,496 (pid-29009): 4-round starts.
2015-03-02 15:26:42,496 (pid-29009): ----------------------------------------------
2015-03-02 15:26:42,501 (pid-29010): 4-round done. Running time: 0.01 sec
2015-03-02 15:26:42,501 (pid-29012): Removing data entries done.
2015-03-02 15:26:42,502 (pid-29011): 3-round done. Running time: 0.00 sec
2015-03-02 15:26:42,502 (pid-29010): ----------------------------------------------
2015-03-02 15:26:42,505 (pid-29011): ----------------------------------------------
2015-03-02 15:26:42,506 (pid-29010): ----------------------------------------------
2015-03-02 15:26:42,508 (pid-29011): ----------------------------------------------
2015-03-02 15:26:42,509 (pid-29010): 5-round starts.
2015-03-02 15:26:42,510 (pid-29011): 4-round starts.
2015-03-02 15:26:42,512 (pid-29010): ----------------------------------------------
2015-03-02 15:26:42,513 (pid-29011): ----------------------------------------------
2015-03-02 15:26:42,515 (pid-29012): 4-round done. Running time: 0.00 sec
2015-03-02 15:26:42,517 (pid-29012): ----------------------------------------------
2015-03-02 15:26:42,517 (pid-29012): ----------------------------------------------
2015-03-02 15:26:42,518 (pid-29012): 5-round starts.
2015-03-02 15:26:42,518 (pid-29012): ----------------------------------------------
2015-03-02 15:26:42,524 (pid-29008): Removing data entries done.
2015-03-02 15:26:42,533 (pid-29009): Removing data entries done.
2015-03-02 15:26:42,533 (pid-29008): 5-round done. Running time: 0.00 sec
2015-03-02 15:26:42,535 (pid-29008): ----------------------------------------------
2015-03-02 15:26:42,536 (pid-29008): ----------------------------------------------
2015-03-02 15:26:42,536 (pid-29008): 6-round starts.
2015-03-02 15:26:42,536 (pid-29008): ----------------------------------------------
2015-03-02 15:26:42,544 (pid-29009): 4-round done. Running time: 0.00 sec
2015-03-02 15:26:42,546 (pid-29009): ----------------------------------------------
2015-03-02 15:26:42,546 (pid-29009): ----------------------------------------------
2015-03-02 15:26:42,546 (pid-29009): 5-round starts.
2015-03-02 15:26:42,547 (pid-29009): ----------------------------------------------
2015-03-02 15:26:42,552 (pid-29010): Removing data entries done.
2015-03-02 15:26:42,553 (pid-29011): Removing data entries done.
2015-03-02 15:26:42,562 (pid-29012): Removing data entries done.
2015-03-02 15:26:42,565 (pid-29010): 5-round done. Running time: 0.00 sec
2015-03-02 15:26:42,566 (pid-29011): 4-round done. Running time: 0.00 sec
2015-03-02 15:26:42,566 (pid-29008): Removing data entries done.
2015-03-02 15:26:42,566 (pid-29010): ----------------------------------------------
2015-03-02 15:26:42,567 (pid-29011): ----------------------------------------------
2015-03-02 15:26:42,569 (pid-29010): ----------------------------------------------
2015-03-02 15:26:42,570 (pid-29011): ----------------------------------------------
2015-03-02 15:26:42,571 (pid-29010): 6-round starts.
2015-03-02 15:26:42,574 (pid-29012): 5-round done. Running time: 0.00 sec
2015-03-02 15:26:42,575 (pid-29008): 6-round done. Running time: 0.00 sec
2015-03-02 15:26:42,582 (pid-29009): Removing data entries done.
2015-03-02 15:26:42,587 (pid-29011): 5-round starts.
2015-03-02 15:26:42,588 (pid-29010): ----------------------------------------------
2015-03-02 15:26:42,589 (pid-29012): ----------------------------------------------
2015-03-02 15:26:42,590 (pid-29008): ----------------------------------------------
2015-03-02 15:26:42,591 (pid-29011): ----------------------------------------------
2015-03-02 15:26:42,594 (pid-29012): ----------------------------------------------
2015-03-02 15:26:42,595 (pid-29008): ----------------------------------------------
2015-03-02 15:26:42,597 (pid-29012): 6-round starts.
2015-03-02 15:26:42,598 (pid-29008): 7-round starts.
2015-03-02 15:26:42,599 (pid-29012): ----------------------------------------------
2015-03-02 15:26:42,599 (pid-29008): ----------------------------------------------
2015-03-02 15:26:42,603 (pid-29009): 5-round done. Running time: 0.00 sec
2015-03-02 15:26:42,604 (pid-29009): ----------------------------------------------
2015-03-02 15:26:42,604 (pid-29009): ----------------------------------------------
2015-03-02 15:26:42,604 (pid-29009): 6-round starts.
2015-03-02 15:26:42,605 (pid-29009): ----------------------------------------------
2015-03-02 15:26:42,631 (pid-29010): Removing data entries done.
2015-03-02 15:26:42,631 (pid-29008): Removing data entries done.
2015-03-02 15:26:42,633 (pid-29011): Removing data entries done.
2015-03-02 15:26:42,638 (pid-29009): Removing data entries done.
2015-03-02 15:26:42,643 (pid-29008): 7-round done. Running time: 0.00 sec
2015-03-02 15:26:42,644 (pid-29008): ----------------------------------------------
2015-03-02 15:26:42,644 (pid-29012): Removing data entries done.
2015-03-02 15:26:42,644 (pid-29008): ----------------------------------------------
2015-03-02 15:26:42,645 (pid-29010): 6-round done. Running time: 0.01 sec
2015-03-02 15:26:42,647 (pid-29011): 5-round done. Running time: 0.00 sec
2015-03-02 15:26:42,646 (pid-29008): 8-round starts.
2015-03-02 15:26:42,647 (pid-29010): ----------------------------------------------
2015-03-02 15:26:42,650 (pid-29009): 6-round done. Running time: 0.01 sec
2015-03-02 15:26:42,656 (pid-29012): 6-round done. Running time: 0.00 sec
2015-03-02 15:26:42,662 (pid-29011): ----------------------------------------------
2015-03-02 15:26:42,663 (pid-29008): ----------------------------------------------
2015-03-02 15:26:42,664 (pid-29010): ----------------------------------------------
2015-03-02 15:26:42,665 (pid-29009): ----------------------------------------------
2015-03-02 15:26:42,667 (pid-29012): ----------------------------------------------
2015-03-02 15:26:42,668 (pid-29011): ----------------------------------------------
2015-03-02 15:26:42,670 (pid-29010): 7-round starts.
2015-03-02 15:26:42,671 (pid-29009): ----------------------------------------------
2015-03-02 15:26:42,671 (pid-29012): ----------------------------------------------
2015-03-02 15:26:42,672 (pid-29011): 6-round starts.
2015-03-02 15:26:42,673 (pid-29010): ----------------------------------------------
2015-03-02 15:26:42,674 (pid-29009): 7-round starts.
2015-03-02 15:26:42,675 (pid-29012): 7-round starts.
2015-03-02 15:26:42,676 (pid-29011): ----------------------------------------------
2015-03-02 15:26:42,678 (pid-29009): ----------------------------------------------
2015-03-02 15:26:42,680 (pid-29012): ----------------------------------------------
2015-03-02 15:26:42,700 (pid-29008): Removing data entries done.
2015-03-02 15:26:42,710 (pid-29008): 8-round done. Running time: 0.00 sec
2015-03-02 15:26:42,710 (pid-29008): ----------------------------------------------
2015-03-02 15:26:42,710 (pid-29008): ----------------------------------------------
2015-03-02 15:26:42,711 (pid-29008): 9-round starts.
2015-03-02 15:26:42,711 (pid-29008): ----------------------------------------------
2015-03-02 15:26:42,715 (pid-29010): Removing data entries done.
2015-03-02 15:26:42,718 (pid-29009): Removing data entries done.
2015-03-02 15:26:42,721 (pid-29011): Removing data entries done.
2015-03-02 15:26:42,727 (pid-29012): Removing data entries done.
2015-03-02 15:26:42,728 (pid-29010): 7-round done. Running time: 0.01 sec
2015-03-02 15:26:42,730 (pid-29010): ----------------------------------------------
2015-03-02 15:26:42,730 (pid-29010): ----------------------------------------------
2015-03-02 15:26:42,730 (pid-29010): 8-round starts.
2015-03-02 15:26:42,731 (pid-29010): ----------------------------------------------
2015-03-02 15:26:42,731 (pid-29009): 7-round done. Running time: 0.00 sec
2015-03-02 15:26:42,733 (pid-29009): ----------------------------------------------
2015-03-02 15:26:42,734 (pid-29009): ----------------------------------------------
2015-03-02 15:26:42,734 (pid-29009): 8-round starts.
2015-03-02 15:26:42,734 (pid-29011): 6-round done. Running time: 0.00 sec
2015-03-02 15:26:42,734 (pid-29009): ----------------------------------------------
2015-03-02 15:26:42,736 (pid-29011): ----------------------------------------------
2015-03-02 15:26:42,738 (pid-29011): ----------------------------------------------
2015-03-02 15:26:42,739 (pid-29011): 7-round starts.
2015-03-02 15:26:42,739 (pid-29011): ----------------------------------------------
2015-03-02 15:26:42,740 (pid-29012): 7-round done. Running time: 0.00 sec
2015-03-02 15:26:42,742 (pid-29012): ----------------------------------------------
2015-03-02 15:26:42,742 (pid-29012): ----------------------------------------------
2015-03-02 15:26:42,742 (pid-29012): 8-round starts.
2015-03-02 15:26:42,742 (pid-29012): ----------------------------------------------
2015-03-02 15:26:42,744 (pid-29008): Removing data entries done.
2015-03-02 15:26:42,753 (pid-29008): 9-round done. Running time: 0.00 sec
2015-03-02 15:26:42,754 (pid-29008): ----------------------------------------------
2015-03-02 15:26:42,754 (pid-29008): ----------------------------------------------
2015-03-02 15:26:42,754 (pid-29008): 10-round starts.
2015-03-02 15:26:42,754 (pid-29008): ----------------------------------------------
2015-03-02 15:26:42,769 (pid-29010): Removing data entries done.
2015-03-02 15:26:42,774 (pid-29009): Removing data entries done.
2015-03-02 15:26:42,779 (pid-29011): Removing data entries done.
2015-03-02 15:26:42,781 (pid-29010): 8-round done. Running time: 0.00 sec
2015-03-02 15:26:42,783 (pid-29010): ----------------------------------------------
2015-03-02 15:26:42,783 (pid-29010): ----------------------------------------------
2015-03-02 15:26:42,783 (pid-29010): 9-round starts.
2015-03-02 15:26:42,784 (pid-29010): ----------------------------------------------
2015-03-02 15:26:42,785 (pid-29012): Removing data entries done.
2015-03-02 15:26:42,787 (pid-29008): Removing data entries done.
2015-03-02 15:26:42,788 (pid-29009): 8-round done. Running time: 0.01 sec
2015-03-02 15:26:42,790 (pid-29009): ----------------------------------------------
2015-03-02 15:26:42,790 (pid-29009): ----------------------------------------------
2015-03-02 15:26:42,791 (pid-29009): 9-round starts.
2015-03-02 15:26:42,791 (pid-29009): ----------------------------------------------
2015-03-02 15:26:42,792 (pid-29011): 7-round done. Running time: 0.01 sec
2015-03-02 15:26:42,794 (pid-29011): ----------------------------------------------
2015-03-02 15:26:42,794 (pid-29011): ----------------------------------------------
2015-03-02 15:26:42,794 (pid-29011): 8-round starts.
2015-03-02 15:26:42,795 (pid-29011): ----------------------------------------------
2015-03-02 15:26:42,797 (pid-29008): 10-round done. Running time: 0.01 sec
2015-03-02 15:26:42,798 (pid-29008): ----------------------------------------------
2015-03-02 15:26:42,798 (pid-29008): ----------------------------------------------
2015-03-02 15:26:42,799 (pid-29012): 8-round done. Running time: 0.00 sec
2015-03-02 15:26:42,799 (pid-29008): 11-round starts.
2015-03-02 15:26:42,800 (pid-29012): ----------------------------------------------
2015-03-02 15:26:42,800 (pid-29008): ----------------------------------------------
2015-03-02 15:26:42,801 (pid-29012): ----------------------------------------------
2015-03-02 15:26:42,803 (pid-29012): 9-round starts.
2015-03-02 15:26:42,803 (pid-29012): ----------------------------------------------
2015-03-02 15:26:42,822 (pid-29010): Removing data entries done.
2015-03-02 15:26:42,829 (pid-29009): Removing data entries done.
2015-03-02 15:26:42,835 (pid-29010): 9-round done. Running time: 0.01 sec
2015-03-02 15:26:42,835 (pid-29008): Removing data entries done.
2015-03-02 15:26:42,835 (pid-29011): Removing data entries done.
2015-03-02 15:26:42,836 (pid-29010): ----------------------------------------------
2015-03-02 15:26:42,839 (pid-29010): ----------------------------------------------
2015-03-02 15:26:42,839 (pid-29010): 10-round starts.
2015-03-02 15:26:42,839 (pid-29010): ----------------------------------------------
2015-03-02 15:26:42,841 (pid-29009): 9-round done. Running time: 0.01 sec
2015-03-02 15:26:42,843 (pid-29009): ----------------------------------------------
2015-03-02 15:26:42,843 (pid-29009): ----------------------------------------------
2015-03-02 15:26:42,843 (pid-29009): 10-round starts.
2015-03-02 15:26:42,844 (pid-29009): ----------------------------------------------
2015-03-02 15:26:42,845 (pid-29008): 11-round done. Running time: 0.00 sec
2015-03-02 15:26:42,846 (pid-29008): ----------------------------------------------
2015-03-02 15:26:42,846 (pid-29008): ----------------------------------------------
2015-03-02 15:26:42,846 (pid-29008): 12-round starts.
2015-03-02 15:26:42,847 (pid-29008): ----------------------------------------------
2015-03-02 15:26:42,847 (pid-29012): Removing data entries done.
2015-03-02 15:26:42,849 (pid-29011): 8-round done. Running time: 0.00 sec
2015-03-02 15:26:42,850 (pid-29011): ----------------------------------------------
2015-03-02 15:26:42,850 (pid-29011): ----------------------------------------------
2015-03-02 15:26:42,851 (pid-29011): 9-round starts.
2015-03-02 15:26:42,851 (pid-29011): ----------------------------------------------
2015-03-02 15:26:42,859 (pid-29012): 9-round done. Running time: 0.01 sec
2015-03-02 15:26:42,861 (pid-29012): ----------------------------------------------
2015-03-02 15:26:42,861 (pid-29012): ----------------------------------------------
2015-03-02 15:26:42,861 (pid-29012): 10-round starts.
2015-03-02 15:26:42,861 (pid-29012): ----------------------------------------------
2015-03-02 15:26:42,877 (pid-29010): Removing data entries done.
2015-03-02 15:26:42,880 (pid-29008): Removing data entries done.
2015-03-02 15:26:42,882 (pid-29009): Removing data entries done.
2015-03-02 15:26:42,890 (pid-29008): 12-round done. Running time: 0.00 sec
2015-03-02 15:26:42,891 (pid-29011): Removing data entries done.
2015-03-02 15:26:42,891 (pid-29008): ----------------------------------------------
2015-03-02 15:26:42,893 (pid-29010): 10-round done. Running time: 0.01 sec
2015-03-02 15:26:42,893 (pid-29008): ----------------------------------------------
2015-03-02 15:26:42,894 (pid-29010): ----------------------------------------------
2015-03-02 15:26:42,895 (pid-29009): 10-round done. Running time: 0.00 sec
2015-03-02 15:26:42,896 (pid-29008): 13-round starts.
2015-03-02 15:26:42,904 (pid-29011): 9-round done. Running time: 0.00 sec
2015-03-02 15:26:42,905 (pid-29012): Removing data entries done.
2015-03-02 15:26:42,913 (pid-29010): ----------------------------------------------
2015-03-02 15:26:42,913 (pid-29009): ----------------------------------------------
2015-03-02 15:26:42,914 (pid-29008): ----------------------------------------------
2015-03-02 15:26:42,916 (pid-29011): ----------------------------------------------
2015-03-02 15:26:42,919 (pid-29010): 11-round starts.
2015-03-02 15:26:42,920 (pid-29009): ----------------------------------------------
2015-03-02 15:26:42,922 (pid-29011): ----------------------------------------------
2015-03-02 15:26:42,924 (pid-29010): ----------------------------------------------
2015-03-02 15:26:42,925 (pid-29009): 11-round starts.
2015-03-02 15:26:42,926 (pid-29011): 10-round starts.
2015-03-02 15:26:42,928 (pid-29009): ----------------------------------------------
2015-03-02 15:26:42,929 (pid-29012): 10-round done. Running time: 0.00 sec
2015-03-02 15:26:42,929 (pid-29011): ----------------------------------------------
2015-03-02 15:26:42,931 (pid-29012): ----------------------------------------------
2015-03-02 15:26:42,934 (pid-29012): ----------------------------------------------
2015-03-02 15:26:42,934 (pid-29012): 11-round starts.
2015-03-02 15:26:42,935 (pid-29012): ----------------------------------------------
2015-03-02 15:26:42,954 (pid-29008): Removing data entries done.
2015-03-02 15:26:42,963 (pid-29008): 13-round done. Running time: 0.00 sec
2015-03-02 15:26:42,964 (pid-29008): ----------------------------------------------
2015-03-02 15:26:42,964 (pid-29008): ----------------------------------------------
2015-03-02 15:26:42,964 (pid-29008): 14-round starts.
2015-03-02 15:26:42,964 (pid-29008): ----------------------------------------------
2015-03-02 15:26:42,965 (pid-29010): Removing data entries done.
2015-03-02 15:26:42,967 (pid-29009): Removing data entries done.
2015-03-02 15:26:42,973 (pid-29011): Removing data entries done.
2015-03-02 15:26:42,977 (pid-29010): 11-round done. Running time: 0.00 sec
2015-03-02 15:26:42,978 (pid-29012): Removing data entries done.
2015-03-02 15:26:42,979 (pid-29010): ----------------------------------------------
2015-03-02 15:26:42,980 (pid-29009): 11-round done. Running time: 0.00 sec
2015-03-02 15:26:42,981 (pid-29010): ----------------------------------------------
2015-03-02 15:26:42,982 (pid-29009): ----------------------------------------------
2015-03-02 15:26:42,984 (pid-29010): 12-round starts.
2015-03-02 15:26:42,985 (pid-29009): ----------------------------------------------
2015-03-02 15:26:42,986 (pid-29010): ----------------------------------------------
2015-03-02 15:26:42,986 (pid-29011): 10-round done. Running time: 0.01 sec
2015-03-02 15:26:42,987 (pid-29009): 12-round starts.
2015-03-02 15:26:42,989 (pid-29011): ----------------------------------------------
2015-03-02 15:26:42,991 (pid-29012): 11-round done. Running time: 0.01 sec
2015-03-02 15:26:42,991 (pid-29009): ----------------------------------------------
2015-03-02 15:26:42,992 (pid-29011): ----------------------------------------------
2015-03-02 15:26:42,993 (pid-29012): ----------------------------------------------
2015-03-02 15:26:42,995 (pid-29011): 11-round starts.
2015-03-02 15:26:42,997 (pid-29012): ----------------------------------------------
2015-03-02 15:26:42,997 (pid-29008): Removing data entries done.
2015-03-02 15:26:42,998 (pid-29011): ----------------------------------------------
2015-03-02 15:26:42,999 (pid-29012): 12-round starts.
2015-03-02 15:26:43,003 (pid-29012): ----------------------------------------------
2015-03-02 15:26:43,009 (pid-29008): 14-round done. Running time: 0.01 sec
2015-03-02 15:26:43,010 (pid-29008): ----------------------------------------------
2015-03-02 15:26:43,010 (pid-29008): ----------------------------------------------
2015-03-02 15:26:43,011 (pid-29008): 15-round starts.
2015-03-02 15:26:43,011 (pid-29008): ----------------------------------------------
2015-03-02 15:26:43,026 (pid-29010): Removing data entries done.
2015-03-02 15:26:43,032 (pid-29009): Removing data entries done.
2015-03-02 15:26:43,039 (pid-29010): 12-round done. Running time: 0.01 sec
2015-03-02 15:26:43,040 (pid-29010): ----------------------------------------------
2015-03-02 15:26:43,041 (pid-29010): ----------------------------------------------
2015-03-02 15:26:43,041 (pid-29010): 13-round starts.
2015-03-02 15:26:43,041 (pid-29010): ----------------------------------------------
2015-03-02 15:26:43,042 (pid-29011): Removing data entries done.
2015-03-02 15:26:43,044 (pid-29008): Removing data entries done.
2015-03-02 15:26:43,044 (pid-29009): 12-round done. Running time: 0.00 sec
2015-03-02 15:26:43,046 (pid-29009): ----------------------------------------------
2015-03-02 15:26:43,046 (pid-29009): ----------------------------------------------
2015-03-02 15:26:43,046 (pid-29009): 13-round starts.
2015-03-02 15:26:43,047 (pid-29009): ----------------------------------------------
2015-03-02 15:26:43,047 (pid-29012): Removing data entries done.
2015-03-02 15:26:43,053 (pid-29008): 15-round done. Running time: 0.00 sec
2015-03-02 15:26:43,054 (pid-29008): ----------------------------------------------
2015-03-02 15:26:43,054 (pid-29008): ----------------------------------------------
2015-03-02 15:26:43,055 (pid-29008): 16-round starts.
2015-03-02 15:26:43,055 (pid-29008): ----------------------------------------------
2015-03-02 15:26:43,055 (pid-29011): 11-round done. Running time: 0.00 sec
2015-03-02 15:26:43,056 (pid-29011): ----------------------------------------------
2015-03-02 15:26:43,057 (pid-29011): ----------------------------------------------
2015-03-02 15:26:43,057 (pid-29011): 12-round starts.
2015-03-02 15:26:43,057 (pid-29011): ----------------------------------------------
2015-03-02 15:26:43,060 (pid-29012): 12-round done. Running time: 0.00 sec
2015-03-02 15:26:43,061 (pid-29012): ----------------------------------------------
2015-03-02 15:26:43,061 (pid-29012): ----------------------------------------------
2015-03-02 15:26:43,062 (pid-29012): 13-round starts.
2015-03-02 15:26:43,062 (pid-29012): ----------------------------------------------
2015-03-02 15:26:43,079 (pid-29010): Removing data entries done.
2015-03-02 15:26:43,084 (pid-29009): Removing data entries done.
2015-03-02 15:26:43,088 (pid-29008): Removing data entries done.
2015-03-02 15:26:43,095 (pid-29010): 13-round done. Running time: 0.01 sec
2015-03-02 15:26:43,096 (pid-29010): ----------------------------------------------
2015-03-02 15:26:43,096 (pid-29010): ----------------------------------------------
2015-03-02 15:26:43,096 (pid-29010): 14-round starts.
2015-03-02 15:26:43,097 (pid-29010): ----------------------------------------------
2015-03-02 15:26:43,097 (pid-29008): 16-round done. Running time: 0.00 sec
2015-03-02 15:26:43,097 (pid-29011): Removing data entries done.
2015-03-02 15:26:43,097 (pid-29009): 13-round done. Running time: 0.00 sec
2015-03-02 15:26:43,098 (pid-29008): ----------------------------------------------
2015-03-02 15:26:43,100 (pid-29009): ----------------------------------------------
2015-03-02 15:26:43,105 (pid-29012): Removing data entries done.
2015-03-02 15:26:43,110 (pid-29011): 12-round done. Running time: 0.00 sec
2015-03-02 15:26:43,113 (pid-29008): ----------------------------------------------
2015-03-02 15:26:43,126 (pid-29009): ----------------------------------------------
2015-03-02 15:26:43,128 (pid-29011): ----------------------------------------------
2015-03-02 15:26:43,129 (pid-29008): 17-round starts.
2015-03-02 15:26:43,130 (pid-29009): 14-round starts.
2015-03-02 15:26:43,131 (pid-29011): ----------------------------------------------
2015-03-02 15:26:43,132 (pid-29008): ----------------------------------------------
2015-03-02 15:26:43,132 (pid-29009): ----------------------------------------------
2015-03-02 15:26:43,133 (pid-29011): 13-round starts.
2015-03-02 15:26:43,134 (pid-29010): Removing data entries done.
2015-03-02 15:26:43,136 (pid-29011): ----------------------------------------------
2015-03-02 15:26:43,138 (pid-29012): 13-round done. Running time: 0.00 sec
2015-03-02 15:26:43,141 (pid-29012): ----------------------------------------------
2015-03-02 15:26:43,141 (pid-29012): ----------------------------------------------
2015-03-02 15:26:43,142 (pid-29012): 14-round starts.
2015-03-02 15:26:43,142 (pid-29012): ----------------------------------------------
2015-03-02 15:26:43,148 (pid-29010): 14-round done. Running time: 0.00 sec
2015-03-02 15:26:43,150 (pid-29010): ----------------------------------------------
2015-03-02 15:26:43,150 (pid-29010): ----------------------------------------------
2015-03-02 15:26:43,150 (pid-29010): 15-round starts.
2015-03-02 15:26:43,150 (pid-29010): ----------------------------------------------
2015-03-02 15:26:43,167 (pid-29008): Removing data entries done.
2015-03-02 15:26:43,172 (pid-29009): Removing data entries done.
2015-03-02 15:26:43,176 (pid-29008): 17-round done. Running time: 0.00 sec
2015-03-02 15:26:43,178 (pid-29008): ----------------------------------------------
2015-03-02 15:26:43,178 (pid-29008): ----------------------------------------------
2015-03-02 15:26:43,179 (pid-29008): 18-round starts.
2015-03-02 15:26:43,179 (pid-29008): ----------------------------------------------
2015-03-02 15:26:43,179 (pid-29011): Removing data entries done.
2015-03-02 15:26:43,185 (pid-29009): 14-round done. Running time: 0.00 sec
2015-03-02 15:26:43,185 (pid-29012): Removing data entries done.
2015-03-02 15:26:43,187 (pid-29009): ----------------------------------------------
2015-03-02 15:26:43,189 (pid-29010): Removing data entries done.
2015-03-02 15:26:43,189 (pid-29009): ----------------------------------------------
2015-03-02 15:26:43,192 (pid-29009): 15-round starts.
2015-03-02 15:26:43,192 (pid-29009): ----------------------------------------------
2015-03-02 15:26:43,192 (pid-29011): 13-round done. Running time: 0.01 sec
2015-03-02 15:26:43,194 (pid-29011): ----------------------------------------------
2015-03-02 15:26:43,194 (pid-29011): ----------------------------------------------
2015-03-02 15:26:43,195 (pid-29011): 14-round starts.
2015-03-02 15:26:43,195 (pid-29011): ----------------------------------------------
2015-03-02 15:26:43,200 (pid-29012): 14-round done. Running time: 0.01 sec
2015-03-02 15:26:43,201 (pid-29012): ----------------------------------------------
2015-03-02 15:26:43,202 (pid-29012): ----------------------------------------------
2015-03-02 15:26:43,202 (pid-29012): 15-round starts.
2015-03-02 15:26:43,202 (pid-29010): 15-round done. Running time: 0.00 sec
2015-03-02 15:26:43,202 (pid-29012): ----------------------------------------------
2015-03-02 15:26:43,204 (pid-29010): ----------------------------------------------
2015-03-02 15:26:43,206 (pid-29010): ----------------------------------------------
2015-03-02 15:26:43,207 (pid-29010): 16-round starts.
2015-03-02 15:26:43,207 (pid-29010): ----------------------------------------------
2015-03-02 15:26:43,212 (pid-29008): Removing data entries done.
2015-03-02 15:26:43,221 (pid-29008): 18-round done. Running time: 0.00 sec
2015-03-02 15:26:43,221 (pid-29008): ----------------------------------------------
2015-03-02 15:26:43,222 (pid-29008): ----------------------------------------------
2015-03-02 15:26:43,222 (pid-29008): 19-round starts.
2015-03-02 15:26:43,222 (pid-29008): ----------------------------------------------
2015-03-02 15:26:43,230 (pid-29009): Removing data entries done.
2015-03-02 15:26:43,235 (pid-29011): Removing data entries done.
2015-03-02 15:26:43,242 (pid-29009): 15-round done. Running time: 0.00 sec
2015-03-02 15:26:43,244 (pid-29009): ----------------------------------------------
2015-03-02 15:26:43,244 (pid-29009): ----------------------------------------------
2015-03-02 15:26:43,244 (pid-29009): 16-round starts.
2015-03-02 15:26:43,245 (pid-29010): Removing data entries done.
2015-03-02 15:26:43,245 (pid-29009): ----------------------------------------------
2015-03-02 15:26:43,248 (pid-29012): Removing data entries done.
2015-03-02 15:26:43,248 (pid-29011): 14-round done. Running time: 0.00 sec
2015-03-02 15:26:43,251 (pid-29011): ----------------------------------------------
2015-03-02 15:26:43,251 (pid-29011): ----------------------------------------------
2015-03-02 15:26:43,251 (pid-29011): 15-round starts.
2015-03-02 15:26:43,251 (pid-29011): ----------------------------------------------
2015-03-02 15:26:43,255 (pid-29008): Removing data entries done.
2015-03-02 15:26:43,257 (pid-29010): 16-round done. Running time: 0.00 sec
2015-03-02 15:26:43,258 (pid-29010): ----------------------------------------------
2015-03-02 15:26:43,258 (pid-29010): ----------------------------------------------
2015-03-02 15:26:43,259 (pid-29010): 17-round starts.
2015-03-02 15:26:43,259 (pid-29010): ----------------------------------------------
2015-03-02 15:26:43,261 (pid-29012): 15-round done. Running time: 0.00 sec
2015-03-02 15:26:43,262 (pid-29012): ----------------------------------------------
2015-03-02 15:26:43,263 (pid-29012): ----------------------------------------------
2015-03-02 15:26:43,263 (pid-29012): 16-round starts.
2015-03-02 15:26:43,263 (pid-29012): ----------------------------------------------
2015-03-02 15:26:43,264 (pid-29008): 19-round done. Running time: 0.00 sec
2015-03-02 15:26:43,266 (pid-29008): ----------------------------------------------
2015-03-02 15:26:43,266 (pid-29008): ----------------------------------------------
2015-03-02 15:26:43,266 (pid-29008): 20-round starts.
2015-03-02 15:26:43,266 (pid-29008): ----------------------------------------------
2015-03-02 15:26:43,285 (pid-29009): Removing data entries done.
2015-03-02 15:26:43,292 (pid-29011): Removing data entries done.
2015-03-02 15:26:43,297 (pid-29010): Removing data entries done.
2015-03-02 15:26:43,297 (pid-29009): 16-round done. Running time: 0.00 sec
2015-03-02 15:26:43,299 (pid-29009): ----------------------------------------------
2015-03-02 15:26:43,299 (pid-29009): ----------------------------------------------
2015-03-02 15:26:43,299 (pid-29008): Removing data entries done.
2015-03-02 15:26:43,299 (pid-29009): 17-round starts.
2015-03-02 15:26:43,301 (pid-29009): ----------------------------------------------
2015-03-02 15:26:43,305 (pid-29011): 15-round done. Running time: 0.01 sec
2015-03-02 15:26:43,306 (pid-29011): ----------------------------------------------
2015-03-02 15:26:43,306 (pid-29011): ----------------------------------------------
2015-03-02 15:26:43,306 (pid-29012): Removing data entries done.
2015-03-02 15:26:43,307 (pid-29011): 16-round starts.
2015-03-02 15:26:43,309 (pid-29011): ----------------------------------------------
2015-03-02 15:26:43,309 (pid-29008): 20-round done. Running time: 0.00 sec
2015-03-02 15:26:43,309 (pid-29010): 17-round done. Running time: 0.00 sec
2015-03-02 15:26:43,310 (pid-29008): ----------------------------------------------
2015-03-02 15:26:43,311 (pid-29010): ----------------------------------------------
2015-03-02 15:26:43,319 (pid-29012): 16-round done. Running time: 0.01 sec
2015-03-02 15:26:43,330 (pid-29010): ----------------------------------------------
2015-03-02 15:26:43,331 (pid-29012): ----------------------------------------------
2015-03-02 15:26:43,333 (pid-29010): 18-round starts.
2015-03-02 15:26:43,334 (pid-29012): ----------------------------------------------
2015-03-02 15:26:43,334 (pid-29008): Density = 0.02 done. Running time: 0.82 sec
2015-03-02 15:26:43,336 (pid-29010): ----------------------------------------------
2015-03-02 15:26:43,337 (pid-29012): 17-round starts.
2015-03-02 15:26:43,338 (pid-29008): ==============================================
2015-03-02 15:26:43,340 (pid-29012): ----------------------------------------------
2015-03-02 15:26:43,349 (pid-29011): Removing data entries done.
2015-03-02 15:26:43,376 (pid-29010): Removing data entries done.
2015-03-02 15:26:43,386 (pid-29012): Removing data entries done.
2015-03-02 15:26:43,388 (pid-29011): 16-round done. Running time: 0.01 sec
2015-03-02 15:26:43,342 (pid-29009): Removing data entries done.
2015-03-02 15:26:43,389 (pid-29011): ----------------------------------------------
2015-03-02 15:26:43,392 (pid-29011): ----------------------------------------------
2015-03-02 15:26:43,392 (pid-29011): 17-round starts.
2015-03-02 15:26:43,389 (pid-29010): 18-round done. Running time: 0.00 sec
2015-03-02 15:26:43,393 (pid-29011): ----------------------------------------------
2015-03-02 15:26:43,394 (pid-29010): ----------------------------------------------
2015-03-02 15:26:43,397 (pid-29010): ----------------------------------------------
2015-03-02 15:26:43,397 (pid-29010): 19-round starts.
2015-03-02 15:26:43,397 (pid-29010): ----------------------------------------------
2015-03-02 15:26:43,400 (pid-29012): 17-round done. Running time: 0.00 sec
2015-03-02 15:26:43,401 (pid-29009): 17-round done. Running time: 0.00 sec
2015-03-02 15:26:43,402 (pid-29012): ----------------------------------------------
2015-03-02 15:26:43,403 (pid-29009): ----------------------------------------------
2015-03-02 15:26:43,404 (pid-29012): ----------------------------------------------
2015-03-02 15:26:43,405 (pid-29009): ----------------------------------------------
2015-03-02 15:26:43,406 (pid-29012): 18-round starts.
2015-03-02 15:26:43,407 (pid-29009): 18-round starts.
2015-03-02 15:26:43,408 (pid-29012): ----------------------------------------------
2015-03-02 15:26:43,409 (pid-29009): ----------------------------------------------
2015-03-02 15:26:43,435 (pid-29010): Removing data entries done.
2015-03-02 15:26:43,436 (pid-29011): Removing data entries done.
2015-03-02 15:26:43,447 (pid-29009): Removing data entries done.
2015-03-02 15:26:43,447 (pid-29010): 19-round done. Running time: 0.00 sec
2015-03-02 15:26:43,449 (pid-29011): 17-round done. Running time: 0.00 sec
2015-03-02 15:26:43,449 (pid-29010): ----------------------------------------------
2015-03-02 15:26:43,451 (pid-29011): ----------------------------------------------
2015-03-02 15:26:43,452 (pid-29010): ----------------------------------------------
2015-03-02 15:26:43,453 (pid-29011): ----------------------------------------------
2015-03-02 15:26:43,454 (pid-29010): 20-round starts.
2015-03-02 15:26:43,456 (pid-29011): 18-round starts.
2015-03-02 15:26:43,457 (pid-29010): ----------------------------------------------
2015-03-02 15:26:43,458 (pid-29011): ----------------------------------------------
2015-03-02 15:26:43,458 (pid-29009): 18-round done. Running time: 0.00 sec
2015-03-02 15:26:43,458 (pid-29012): Removing data entries done.
2015-03-02 15:26:43,462 (pid-29009): ----------------------------------------------
2015-03-02 15:26:43,464 (pid-29009): ----------------------------------------------
2015-03-02 15:26:43,465 (pid-29009): 19-round starts.
2015-03-02 15:26:43,465 (pid-29009): ----------------------------------------------
2015-03-02 15:26:43,476 (pid-29012): 18-round done. Running time: 0.00 sec
2015-03-02 15:26:43,477 (pid-29012): ----------------------------------------------
2015-03-02 15:26:43,478 (pid-29012): ----------------------------------------------
2015-03-02 15:26:43,478 (pid-29012): 19-round starts.
2015-03-02 15:26:43,479 (pid-29012): ----------------------------------------------
2015-03-02 15:26:43,497 (pid-29010): Removing data entries done.
2015-03-02 15:26:43,500 (pid-29009): Removing data entries done.
2015-03-02 15:26:43,501 (pid-29011): Removing data entries done.
2015-03-02 15:26:43,510 (pid-29010): 20-round done. Running time: 0.01 sec
2015-03-02 15:26:43,511 (pid-29010): ----------------------------------------------
2015-03-02 15:26:43,512 (pid-29009): 19-round done. Running time: 0.01 sec
2015-03-02 15:26:43,513 (pid-29009): ----------------------------------------------
2015-03-02 15:26:43,513 (pid-29009): ----------------------------------------------
2015-03-02 15:26:43,514 (pid-29009): 20-round starts.
2015-03-02 15:26:43,514 (pid-29009): ----------------------------------------------
2015-03-02 15:26:43,514 (pid-29011): 18-round done. Running time: 0.01 sec
2015-03-02 15:26:43,516 (pid-29011): ----------------------------------------------
2015-03-02 15:26:43,516 (pid-29011): ----------------------------------------------
2015-03-02 15:26:43,517 (pid-29011): 19-round starts.
2015-03-02 15:26:43,517 (pid-29011): ----------------------------------------------
2015-03-02 15:26:43,517 (pid-29010): Density = 0.06 done. Running time: 1.00 sec
2015-03-02 15:26:43,519 (pid-29010): ==============================================
2015-03-02 15:26:43,529 (pid-29012): Removing data entries done.
2015-03-02 15:26:43,541 (pid-29012): 19-round done. Running time: 0.00 sec
2015-03-02 15:26:43,542 (pid-29012): ----------------------------------------------
2015-03-02 15:26:43,542 (pid-29012): ----------------------------------------------
2015-03-02 15:26:43,543 (pid-29012): 20-round starts.
2015-03-02 15:26:43,544 (pid-29012): ----------------------------------------------
2015-03-02 15:26:43,549 (pid-29009): Removing data entries done.
2015-03-02 15:26:43,557 (pid-29011): Removing data entries done.
2015-03-02 15:26:43,563 (pid-29009): 20-round done. Running time: 0.00 sec
2015-03-02 15:26:43,564 (pid-29009): ----------------------------------------------
2015-03-02 15:26:43,568 (pid-29009): Density = 0.04 done. Running time: 0.98 sec
2015-03-02 15:26:43,569 (pid-29009): ==============================================
2015-03-02 15:26:43,570 (pid-29011): 19-round done. Running time: 0.01 sec
2015-03-02 15:26:43,571 (pid-29011): ----------------------------------------------
2015-03-02 15:26:43,571 (pid-29011): ----------------------------------------------
2015-03-02 15:26:43,571 (pid-29011): 20-round starts.
2015-03-02 15:26:43,572 (pid-29011): ----------------------------------------------
2015-03-02 15:26:43,592 (pid-29012): Removing data entries done.
2015-03-02 15:26:43,604 (pid-29012): 20-round done. Running time: 0.00 sec
2015-03-02 15:26:43,605 (pid-29012): ----------------------------------------------
2015-03-02 15:26:43,608 (pid-29012): Density = 0.10 done. Running time: 1.13 sec
2015-03-02 15:26:43,609 (pid-29012): ==============================================
2015-03-02 15:26:43,612 (pid-29011): Removing data entries done.
2015-03-02 15:26:43,625 (pid-29011): 20-round done. Running time: 0.00 sec
2015-03-02 15:26:43,625 (pid-29011): ----------------------------------------------
2015-03-02 15:26:43,629 (pid-29011): Density = 0.08 done. Running time: 1.05 sec
2015-03-02 15:26:43,629 (pid-29011): ==============================================
2015-03-02 15:26:43,643 (pid-29007): All done. Total running time: 01-th day - 00hour - 00min - 00sec.
2015-03-02 15:26:43,643 (pid-29007): ==============================================
